[0.044s] DEBUG:colcon:Command line arguments: ['/usr/bin/colcon', 'build']
[0.044s] DEBUG:colcon:Parsed command line arguments: Namespace(log_base=None, log_level=None, verb_name='build', build_base='build', install_base='install', merge_install=False, symlink_install=False, test_result_base=None, continue_on_error=False, executor='parallel', parallel_workers=32, event_handlers=None, ignore_user_meta=False, metas=['./colcon.meta'], base_paths=['.'], packages_ignore=None, packages_ignore_regex=None, paths=None, packages_up_to=None, packages_up_to_regex=None, packages_above=None, packages_above_and_dependencies=None, packages_above_depth=None, packages_select_by_dep=None, packages_skip_by_dep=None, packages_skip_up_to=None, packages_select_build_failed=False, packages_skip_build_finished=False, packages_select_test_failures=False, packages_skip_test_passed=False, packages_select=None, packages_skip=None, packages_select_regex=None, packages_skip_regex=None, packages_start=None, packages_end=None, allow_overriding=[], cmake_args=None, cmake_target=None, cmake_target_skip_unavailable=False, cmake_clean_cache=False, cmake_clean_first=False, cmake_force_configure=False, ament_cmake_args=None, catkin_cmake_args=None, catkin_skip_building_tests=False, verb_parser=<colcon_defaults.argument_parser.defaults.DefaultArgumentsDecorator object at 0x79c796e64cd0>, verb_extension=<colcon_core.verb.build.BuildVerb object at 0x79c796e64880>, main=<bound method BuildVerb.main of <colcon_core.verb.build.BuildVerb object at 0x79c796e64880>>)
[0.101s] Level 1:colcon.colcon_core.package_discovery:discover_packages(colcon_meta) check parameters
[0.101s] Level 1:colcon.colcon_core.package_discovery:discover_packages(recursive) check parameters
[0.101s] Level 1:colcon.colcon_core.package_discovery:discover_packages(ignore) check parameters
[0.101s] Level 1:colcon.colcon_core.package_discovery:discover_packages(path) check parameters
[0.101s] Level 1:colcon.colcon_core.package_discovery:discover_packages(colcon_meta) discover
[0.101s] Level 1:colcon.colcon_core.package_discovery:discover_packages(recursive) discover
[0.101s] INFO:colcon.colcon_core.package_discovery:Crawling recursively for packages in '/home/aero-ws/nav2_bot'
[0.101s] Level 1:colcon.colcon_core.package_identification:_identify(.) by extensions ['ignore', 'ignore_ament_install']
[0.101s] Level 1:colcon.colcon_core.package_identification:_identify(.) by extension 'ignore'
[0.101s] Level 1:colcon.colcon_core.package_identification:_identify(.) by extension 'ignore_ament_install'
[0.101s] Level 1:colcon.colcon_core.package_identification:_identify(.) by extensions ['colcon_pkg']
[0.101s] Level 1:colcon.colcon_core.package_identification:_identify(.) by extension 'colcon_pkg'
[0.101s] Level 1:colcon.colcon_core.package_identification:_identify(.) by extensions ['colcon_meta']
[0.101s] Level 1:colcon.colcon_core.package_identification:_identify(.) by extension 'colcon_meta'
[0.101s] Level 1:colcon.colcon_core.package_identification:_identify(.) by extensions ['ros']
[0.101s] Level 1:colcon.colcon_core.package_identification:_identify(.) by extension 'ros'
[0.106s] Level 1:colcon.colcon_core.package_identification:_identify(.) by extensions ['cmake', 'python']
[0.106s] Level 1:colcon.colcon_core.package_identification:_identify(.) by extension 'cmake'
[0.106s] Level 1:colcon.colcon_core.package_identification:_identify(.) by extension 'python'
[0.106s] Level 1:colcon.colcon_core.package_identification:_identify(.) by extensions ['python_setup_py']
[0.106s] Level 1:colcon.colcon_core.package_identification:_identify(.) by extension 'python_setup_py'
[0.106s] Level 1:colcon.colcon_core.package_identification:_identify(build) by extensions ['ignore', 'ignore_ament_install']
[0.106s] Level 1:colcon.colcon_core.package_identification:_identify(build) by extension 'ignore'
[0.106s] Level 1:colcon.colcon_core.package_identification:_identify(build) ignored
[0.106s] Level 1:colcon.colcon_core.package_identification:_identify(install) by extensions ['ignore', 'ignore_ament_install']
[0.106s] Level 1:colcon.colcon_core.package_identification:_identify(install) by extension 'ignore'
[0.106s] Level 1:colcon.colcon_core.package_identification:_identify(install) ignored
[0.106s] Level 1:colcon.colcon_core.package_identification:_identify(log) by extensions ['ignore', 'ignore_ament_install']
[0.106s] Level 1:colcon.colcon_core.package_identification:_identify(log) by extension 'ignore'
[0.106s] Level 1:colcon.colcon_core.package_identification:_identify(log) ignored
[0.106s] Level 1:colcon.colcon_core.package_identification:_identify(testbed_bringup) by extensions ['ignore', 'ignore_ament_install']
[0.106s] Level 1:colcon.colcon_core.package_identification:_identify(testbed_bringup) by extension 'ignore'
[0.106s] Level 1:colcon.colcon_core.package_identification:_identify(testbed_bringup) by extension 'ignore_ament_install'
[0.106s] Level 1:colcon.colcon_core.package_identification:_identify(testbed_bringup) by extensions ['colcon_pkg']
[0.106s] Level 1:colcon.colcon_core.package_identification:_identify(testbed_bringup) by extension 'colcon_pkg'
[0.106s] Level 1:colcon.colcon_core.package_identification:_identify(testbed_bringup) by extensions ['colcon_meta']
[0.106s] Level 1:colcon.colcon_core.package_identification:_identify(testbed_bringup) by extension 'colcon_meta'
[0.106s] Level 1:colcon.colcon_core.package_identification:_identify(testbed_bringup) by extensions ['ros']
[0.106s] Level 1:colcon.colcon_core.package_identification:_identify(testbed_bringup) by extension 'ros'
[0.107s] DEBUG:colcon.colcon_core.package_identification:Package 'testbed_bringup' with type 'ros.ament_cmake' and name 'testbed_bringup'
[0.107s] Level 1:colcon.colcon_core.package_identification:_identify(testbed_description) by extensions ['ignore', 'ignore_ament_install']
[0.108s] Level 1:colcon.colcon_core.package_identification:_identify(testbed_description) by extension 'ignore'
[0.108s] Level 1:colcon.colcon_core.package_identification:_identify(testbed_description) by extension 'ignore_ament_install'
[0.108s] Level 1:colcon.colcon_core.package_identification:_identify(testbed_description) by extensions ['colcon_pkg']
[0.108s] Level 1:colcon.colcon_core.package_identification:_identify(testbed_description) by extension 'colcon_pkg'
[0.108s] Level 1:colcon.colcon_core.package_identification:_identify(testbed_description) by extensions ['colcon_meta']
[0.108s] Level 1:colcon.colcon_core.package_identification:_identify(testbed_description) by extension 'colcon_meta'
[0.108s] Level 1:colcon.colcon_core.package_identification:_identify(testbed_description) by extensions ['ros']
[0.108s] Level 1:colcon.colcon_core.package_identification:_identify(testbed_description) by extension 'ros'
[0.108s] DEBUG:colcon.colcon_core.package_identification:Package 'testbed_description' with type 'ros.ament_cmake' and name 'testbed_description'
[0.108s] Level 1:colcon.colcon_core.package_identification:_identify(testbed_gazebo) by extensions ['ignore', 'ignore_ament_install']
[0.108s] Level 1:colcon.colcon_core.package_identification:_identify(testbed_gazebo) by extension 'ignore'
[0.108s] Level 1:colcon.colcon_core.package_identification:_identify(testbed_gazebo) by extension 'ignore_ament_install'
[0.108s] Level 1:colcon.colcon_core.package_identification:_identify(testbed_gazebo) by extensions ['colcon_pkg']
[0.108s] Level 1:colcon.colcon_core.package_identification:_identify(testbed_gazebo) by extension 'colcon_pkg'
[0.108s] Level 1:colcon.colcon_core.package_identification:_identify(testbed_gazebo) by extensions ['colcon_meta']
[0.108s] Level 1:colcon.colcon_core.package_identification:_identify(testbed_gazebo) by extension 'colcon_meta'
[0.108s] Level 1:colcon.colcon_core.package_identification:_identify(testbed_gazebo) by extensions ['ros']
[0.108s] Level 1:colcon.colcon_core.package_identification:_identify(testbed_gazebo) by extension 'ros'
[0.108s] DEBUG:colcon.colcon_core.package_identification:Package 'testbed_gazebo' with type 'ros.ament_cmake' and name 'testbed_gazebo'
[0.108s] Level 1:colcon.colcon_core.package_identification:_identify(testbed_navigation) by extensions ['ignore', 'ignore_ament_install']
[0.108s] Level 1:colcon.colcon_core.package_identification:_identify(testbed_navigation) by extension 'ignore'
[0.108s] Level 1:colcon.colcon_core.package_identification:_identify(testbed_navigation) by extension 'ignore_ament_install'
[0.108s] Level 1:colcon.colcon_core.package_identification:_identify(testbed_navigation) by extensions ['colcon_pkg']
[0.108s] Level 1:colcon.colcon_core.package_identification:_identify(testbed_navigation) by extension 'colcon_pkg'
[0.108s] Level 1:colcon.colcon_core.package_identification:_identify(testbed_navigation) by extensions ['colcon_meta']
[0.108s] Level 1:colcon.colcon_core.package_identification:_identify(testbed_navigation) by extension 'colcon_meta'
[0.108s] Level 1:colcon.colcon_core.package_identification:_identify(testbed_navigation) by extensions ['ros']
[0.108s] Level 1:colcon.colcon_core.package_identification:_identify(testbed_navigation) by extension 'ros'
[0.109s] DEBUG:colcon.colcon_core.package_identification:Package 'testbed_navigation' with type 'ros.ament_cmake' and name 'testbed_navigation'
[0.109s] Level 1:colcon.colcon_core.package_discovery:discover_packages(recursive) using defaults
[0.109s] Level 1:colcon.colcon_core.package_discovery:discover_packages(ignore) discover
[0.109s] Level 1:colcon.colcon_core.package_discovery:discover_packages(ignore) using defaults
[0.109s] Level 1:colcon.colcon_core.package_discovery:discover_packages(path) discover
[0.109s] Level 1:colcon.colcon_core.package_discovery:discover_packages(path) using defaults
[0.122s] Level 1:colcon.colcon_core.package_discovery:discover_packages(prefix_path) check parameters
[0.122s] Level 1:colcon.colcon_core.package_discovery:discover_packages(prefix_path) discover
[0.123s] DEBUG:colcon.colcon_installed_package_information.package_discovery:Found 373 installed packages in /opt/ros/humble
[0.124s] Level 1:colcon.colcon_core.package_discovery:discover_packages(prefix_path) using defaults
[0.140s] Level 5:colcon.colcon_core.verb:set package 'testbed_bringup' build argument 'cmake_args' from command line to 'None'
[0.140s] Level 5:colcon.colcon_core.verb:set package 'testbed_bringup' build argument 'cmake_target' from command line to 'None'
[0.140s] Level 5:colcon.colcon_core.verb:set package 'testbed_bringup' build argument 'cmake_target_skip_unavailable' from command line to 'False'
[0.140s] Level 5:colcon.colcon_core.verb:set package 'testbed_bringup' build argument 'cmake_clean_cache' from command line to 'False'
[0.140s] Level 5:colcon.colcon_core.verb:set package 'testbed_bringup' build argument 'cmake_clean_first' from command line to 'False'
[0.140s] Level 5:colcon.colcon_core.verb:set package 'testbed_bringup' build argument 'cmake_force_configure' from command line to 'False'
[0.140s] Level 5:colcon.colcon_core.verb:set package 'testbed_bringup' build argument 'ament_cmake_args' from command line to 'None'
[0.140s] Level 5:colcon.colcon_core.verb:set package 'testbed_bringup' build argument 'catkin_cmake_args' from command line to 'None'
[0.140s] Level 5:colcon.colcon_core.verb:set package 'testbed_bringup' build argument 'catkin_skip_building_tests' from command line to 'False'
[0.140s] DEBUG:colcon.colcon_core.verb:Building package 'testbed_bringup' with the following arguments: {'ament_cmake_args': None, 'build_base': '/home/aero-ws/nav2_bot/build/testbed_bringup', 'catkin_cmake_args': None, 'catkin_skip_building_tests': False, 'cmake_args': None, 'cmake_clean_cache': False, 'cmake_clean_first': False, 'cmake_force_configure': False, 'cmake_target': None, 'cmake_target_skip_unavailable': False, 'install_base': '/home/aero-ws/nav2_bot/install/testbed_bringup', 'merge_install': False, 'path': '/home/aero-ws/nav2_bot/testbed_bringup', 'symlink_install': False, 'test_result_base': None}
[0.140s] Level 5:colcon.colcon_core.verb:set package 'testbed_description' build argument 'cmake_args' from command line to 'None'
[0.140s] Level 5:colcon.colcon_core.verb:set package 'testbed_description' build argument 'cmake_target' from command line to 'None'
[0.140s] Level 5:colcon.colcon_core.verb:set package 'testbed_description' build argument 'cmake_target_skip_unavailable' from command line to 'False'
[0.140s] Level 5:colcon.colcon_core.verb:set package 'testbed_description' build argument 'cmake_clean_cache' from command line to 'False'
[0.140s] Level 5:colcon.colcon_core.verb:set package 'testbed_description' build argument 'cmake_clean_first' from command line to 'False'
[0.140s] Level 5:colcon.colcon_core.verb:set package 'testbed_description' build argument 'cmake_force_configure' from command line to 'False'
[0.140s] Level 5:colcon.colcon_core.verb:set package 'testbed_description' build argument 'ament_cmake_args' from command line to 'None'
[0.140s] Level 5:colcon.colcon_core.verb:set package 'testbed_description' build argument 'catkin_cmake_args' from command line to 'None'
[0.140s] Level 5:colcon.colcon_core.verb:set package 'testbed_description' build argument 'catkin_skip_building_tests' from command line to 'False'
[0.140s] DEBUG:colcon.colcon_core.verb:Building package 'testbed_description' with the following arguments: {'ament_cmake_args': None, 'build_base': '/home/aero-ws/nav2_bot/build/testbed_description', 'catkin_cmake_args': None, 'catkin_skip_building_tests': False, 'cmake_args': None, 'cmake_clean_cache': False, 'cmake_clean_first': False, 'cmake_force_configure': False, 'cmake_target': None, 'cmake_target_skip_unavailable': False, 'install_base': '/home/aero-ws/nav2_bot/install/testbed_description', 'merge_install': False, 'path': '/home/aero-ws/nav2_bot/testbed_description', 'symlink_install': False, 'test_result_base': None}
[0.141s] Level 5:colcon.colcon_core.verb:set package 'testbed_navigation' build argument 'cmake_args' from command line to 'None'
[0.141s] Level 5:colcon.colcon_core.verb:set package 'testbed_navigation' build argument 'cmake_target' from command line to 'None'
[0.141s] Level 5:colcon.colcon_core.verb:set package 'testbed_navigation' build argument 'cmake_target_skip_unavailable' from command line to 'False'
[0.141s] Level 5:colcon.colcon_core.verb:set package 'testbed_navigation' build argument 'cmake_clean_cache' from command line to 'False'
[0.141s] Level 5:colcon.colcon_core.verb:set package 'testbed_navigation' build argument 'cmake_clean_first' from command line to 'False'
[0.141s] Level 5:colcon.colcon_core.verb:set package 'testbed_navigation' build argument 'cmake_force_configure' from command line to 'False'
[0.141s] Level 5:colcon.colcon_core.verb:set package 'testbed_navigation' build argument 'ament_cmake_args' from command line to 'None'
[0.141s] Level 5:colcon.colcon_core.verb:set package 'testbed_navigation' build argument 'catkin_cmake_args' from command line to 'None'
[0.141s] Level 5:colcon.colcon_core.verb:set package 'testbed_navigation' build argument 'catkin_skip_building_tests' from command line to 'False'
[0.141s] DEBUG:colcon.colcon_core.verb:Building package 'testbed_navigation' with the following arguments: {'ament_cmake_args': None, 'build_base': '/home/aero-ws/nav2_bot/build/testbed_navigation', 'catkin_cmake_args': None, 'catkin_skip_building_tests': False, 'cmake_args': None, 'cmake_clean_cache': False, 'cmake_clean_first': False, 'cmake_force_configure': False, 'cmake_target': None, 'cmake_target_skip_unavailable': False, 'install_base': '/home/aero-ws/nav2_bot/install/testbed_navigation', 'merge_install': False, 'path': '/home/aero-ws/nav2_bot/testbed_navigation', 'symlink_install': False, 'test_result_base': None}
[0.141s] Level 5:colcon.colcon_core.verb:set package 'testbed_gazebo' build argument 'cmake_args' from command line to 'None'
[0.141s] Level 5:colcon.colcon_core.verb:set package 'testbed_gazebo' build argument 'cmake_target' from command line to 'None'
[0.141s] Level 5:colcon.colcon_core.verb:set package 'testbed_gazebo' build argument 'cmake_target_skip_unavailable' from command line to 'False'
[0.141s] Level 5:colcon.colcon_core.verb:set package 'testbed_gazebo' build argument 'cmake_clean_cache' from command line to 'False'
[0.141s] Level 5:colcon.colcon_core.verb:set package 'testbed_gazebo' build argument 'cmake_clean_first' from command line to 'False'
[0.141s] Level 5:colcon.colcon_core.verb:set package 'testbed_gazebo' build argument 'cmake_force_configure' from command line to 'False'
[0.141s] Level 5:colcon.colcon_core.verb:set package 'testbed_gazebo' build argument 'ament_cmake_args' from command line to 'None'
[0.141s] Level 5:colcon.colcon_core.verb:set package 'testbed_gazebo' build argument 'catkin_cmake_args' from command line to 'None'
[0.141s] Level 5:colcon.colcon_core.verb:set package 'testbed_gazebo' build argument 'catkin_skip_building_tests' from command line to 'False'
[0.141s] DEBUG:colcon.colcon_core.verb:Building package 'testbed_gazebo' with the following arguments: {'ament_cmake_args': None, 'build_base': '/home/aero-ws/nav2_bot/build/testbed_gazebo', 'catkin_cmake_args': None, 'catkin_skip_building_tests': False, 'cmake_args': None, 'cmake_clean_cache': False, 'cmake_clean_first': False, 'cmake_force_configure': False, 'cmake_target': None, 'cmake_target_skip_unavailable': False, 'install_base': '/home/aero-ws/nav2_bot/install/testbed_gazebo', 'merge_install': False, 'path': '/home/aero-ws/nav2_bot/testbed_gazebo', 'symlink_install': False, 'test_result_base': None}
[0.141s] INFO:colcon.colcon_core.executor:Executing jobs using 'parallel' executor
[0.142s] DEBUG:colcon.colcon_parallel_executor.executor.parallel:run_until_complete
[0.142s] INFO:colcon.colcon_ros.task.ament_cmake.build:Building ROS package in '/home/aero-ws/nav2_bot/testbed_description' with build type 'ament_cmake'
[0.142s] INFO:colcon.colcon_cmake.task.cmake.build:Building CMake package in '/home/aero-ws/nav2_bot/testbed_description'
[0.143s] INFO:colcon.colcon_core.plugin_system:Skipping extension 'colcon_core.shell.bat': Not used on non-Windows systems
[0.143s] INFO:colcon.colcon_core.shell:Skip shell extension 'powershell' for command environment: Not usable outside of PowerShell
[0.143s] DEBUG:colcon.colcon_core.shell:Skip shell extension 'dsv' for command environment
[0.145s] INFO:colcon.colcon_ros.task.ament_cmake.build:Building ROS package in '/home/aero-ws/nav2_bot/testbed_bringup' with build type 'ament_cmake'
[0.145s] INFO:colcon.colcon_cmake.task.cmake.build:Building CMake package in '/home/aero-ws/nav2_bot/testbed_bringup'
[0.145s] INFO:colcon.colcon_core.shell:Skip shell extension 'powershell' for command environment: Not usable outside of PowerShell
[0.145s] DEBUG:colcon.colcon_core.shell:Skip shell extension 'dsv' for command environment
[0.146s] INFO:colcon.colcon_ros.task.ament_cmake.build:Building ROS package in '/home/aero-ws/nav2_bot/testbed_navigation' with build type 'ament_cmake'
[0.146s] INFO:colcon.colcon_cmake.task.cmake.build:Building CMake package in '/home/aero-ws/nav2_bot/testbed_navigation'
[0.146s] INFO:colcon.colcon_core.shell:Skip shell extension 'powershell' for command environment: Not usable outside of PowerShell
[0.146s] DEBUG:colcon.colcon_core.shell:Skip shell extension 'dsv' for command environment
[0.148s] DEBUG:colcon.colcon_core.event_handler.log_command:Invoking command in '/home/aero-ws/nav2_bot/build/testbed_description': CMAKE_PREFIX_PATH=/opt/ros/humble /usr/bin/cmake /home/aero-ws/nav2_bot/testbed_description -DCMAKE_INSTALL_PREFIX=/home/aero-ws/nav2_bot/install/testbed_description
[0.151s] DEBUG:colcon.colcon_core.event_handler.log_command:Invoking command in '/home/aero-ws/nav2_bot/build/testbed_bringup': CMAKE_PREFIX_PATH=/opt/ros/humble /usr/bin/cmake /home/aero-ws/nav2_bot/testbed_bringup -DCMAKE_INSTALL_PREFIX=/home/aero-ws/nav2_bot/install/testbed_bringup
[0.152s] DEBUG:colcon.colcon_core.event_handler.log_command:Invoking command in '/home/aero-ws/nav2_bot/build/testbed_navigation': CMAKE_PREFIX_PATH=/opt/ros/humble /usr/bin/cmake /home/aero-ws/nav2_bot/testbed_navigation -DCMAKE_INSTALL_PREFIX=/home/aero-ws/nav2_bot/install/testbed_navigation
[0.471s] DEBUG:colcon.colcon_core.event_handler.log_command:Invoked command in '/home/aero-ws/nav2_bot/build/testbed_bringup' returned '0': CMAKE_PREFIX_PATH=/opt/ros/humble /usr/bin/cmake /home/aero-ws/nav2_bot/testbed_bringup -DCMAKE_INSTALL_PREFIX=/home/aero-ws/nav2_bot/install/testbed_bringup
[0.472s] DEBUG:colcon.colcon_core.event_handler.log_command:Invoking command in '/home/aero-ws/nav2_bot/build/testbed_bringup': CMAKE_PREFIX_PATH=/opt/ros/humble /usr/bin/cmake --build /home/aero-ws/nav2_bot/build/testbed_bringup -- -j32 -l32
[0.488s] DEBUG:colcon.colcon_core.event_handler.log_command:Invoked command in '/home/aero-ws/nav2_bot/build/testbed_description' returned '0': CMAKE_PREFIX_PATH=/opt/ros/humble /usr/bin/cmake /home/aero-ws/nav2_bot/testbed_description -DCMAKE_INSTALL_PREFIX=/home/aero-ws/nav2_bot/install/testbed_description
[0.489s] DEBUG:colcon.colcon_core.event_handler.log_command:Invoking command in '/home/aero-ws/nav2_bot/build/testbed_description': CMAKE_PREFIX_PATH=/opt/ros/humble /usr/bin/cmake --build /home/aero-ws/nav2_bot/build/testbed_description -- -j32 -l32
[0.489s] DEBUG:colcon.colcon_core.event_handler.log_command:Invoked command in '/home/aero-ws/nav2_bot/build/testbed_bringup' returned '0': CMAKE_PREFIX_PATH=/opt/ros/humble /usr/bin/cmake --build /home/aero-ws/nav2_bot/build/testbed_bringup -- -j32 -l32
[0.493s] DEBUG:colcon.colcon_core.event_handler.log_command:Invoking command in '/home/aero-ws/nav2_bot/build/testbed_bringup': CMAKE_PREFIX_PATH=/opt/ros/humble /usr/bin/cmake --install /home/aero-ws/nav2_bot/build/testbed_bringup
[0.497s] Level 1:colcon.colcon_core.environment:create_environment_scripts_only(testbed_bringup)
[0.497s] DEBUG:colcon.colcon_core.event_handler.log_command:Invoked command in '/home/aero-ws/nav2_bot/build/testbed_bringup' returned '0': CMAKE_PREFIX_PATH=/opt/ros/humble /usr/bin/cmake --install /home/aero-ws/nav2_bot/build/testbed_bringup
[0.499s] Level 1:colcon.colcon_core.environment:checking '/home/aero-ws/nav2_bot/install/testbed_bringup' for CMake module files
[0.499s] Level 1:colcon.colcon_core.environment:checking '/home/aero-ws/nav2_bot/install/testbed_bringup' for CMake config files
[0.499s] Level 1:colcon.colcon_core.shell:create_environment_hook('testbed_bringup', 'cmake_prefix_path')
[0.499s] INFO:colcon.colcon_core.shell:Creating environment hook '/home/aero-ws/nav2_bot/install/testbed_bringup/share/testbed_bringup/hook/cmake_prefix_path.ps1'
[0.500s] INFO:colcon.colcon_core.shell:Creating environment descriptor '/home/aero-ws/nav2_bot/install/testbed_bringup/share/testbed_bringup/hook/cmake_prefix_path.dsv'
[0.500s] INFO:colcon.colcon_core.shell:Creating environment hook '/home/aero-ws/nav2_bot/install/testbed_bringup/share/testbed_bringup/hook/cmake_prefix_path.sh'
[0.500s] Level 1:colcon.colcon_core.environment:checking '/home/aero-ws/nav2_bot/install/testbed_bringup/bin'
[0.501s] Level 1:colcon.colcon_core.environment:checking '/home/aero-ws/nav2_bot/install/testbed_bringup/lib/pkgconfig/testbed_bringup.pc'
[0.501s] Level 1:colcon.colcon_core.environment:checking '/home/aero-ws/nav2_bot/install/testbed_bringup/lib/python3.10/site-packages'
[0.501s] Level 1:colcon.colcon_core.environment:checking '/home/aero-ws/nav2_bot/install/testbed_bringup/bin'
[0.501s] INFO:colcon.colcon_core.shell:Creating package script '/home/aero-ws/nav2_bot/install/testbed_bringup/share/testbed_bringup/package.ps1'
[0.501s] INFO:colcon.colcon_core.shell:Creating package descriptor '/home/aero-ws/nav2_bot/install/testbed_bringup/share/testbed_bringup/package.dsv'
[0.501s] INFO:colcon.colcon_core.shell:Creating package script '/home/aero-ws/nav2_bot/install/testbed_bringup/share/testbed_bringup/package.sh'
[0.502s] INFO:colcon.colcon_core.shell:Creating package script '/home/aero-ws/nav2_bot/install/testbed_bringup/share/testbed_bringup/package.bash'
[0.502s] INFO:colcon.colcon_core.shell:Creating package script '/home/aero-ws/nav2_bot/install/testbed_bringup/share/testbed_bringup/package.zsh'
[0.502s] Level 1:colcon.colcon_core.environment:create_file_with_runtime_dependencies(/home/aero-ws/nav2_bot/install/testbed_bringup/share/colcon-core/packages/testbed_bringup)
[0.503s] Level 1:colcon.colcon_core.environment:create_environment_scripts_only(testbed_bringup)
[0.503s] Level 1:colcon.colcon_core.environment:checking '/home/aero-ws/nav2_bot/install/testbed_bringup' for CMake module files
[0.503s] Level 1:colcon.colcon_core.environment:checking '/home/aero-ws/nav2_bot/install/testbed_bringup' for CMake config files
[0.503s] Level 1:colcon.colcon_core.shell:create_environment_hook('testbed_bringup', 'cmake_prefix_path')
[0.503s] INFO:colcon.colcon_core.shell:Creating environment hook '/home/aero-ws/nav2_bot/install/testbed_bringup/share/testbed_bringup/hook/cmake_prefix_path.ps1'
[0.503s] INFO:colcon.colcon_core.shell:Creating environment descriptor '/home/aero-ws/nav2_bot/install/testbed_bringup/share/testbed_bringup/hook/cmake_prefix_path.dsv'
[0.503s] INFO:colcon.colcon_core.shell:Creating environment hook '/home/aero-ws/nav2_bot/install/testbed_bringup/share/testbed_bringup/hook/cmake_prefix_path.sh'
[0.503s] Level 1:colcon.colcon_core.environment:checking '/home/aero-ws/nav2_bot/install/testbed_bringup/bin'
[0.503s] Level 1:colcon.colcon_core.environment:checking '/home/aero-ws/nav2_bot/install/testbed_bringup/lib/pkgconfig/testbed_bringup.pc'
[0.504s] Level 1:colcon.colcon_core.environment:checking '/home/aero-ws/nav2_bot/install/testbed_bringup/lib/python3.10/site-packages'
[0.504s] Level 1:colcon.colcon_core.environment:checking '/home/aero-ws/nav2_bot/install/testbed_bringup/bin'
[0.504s] INFO:colcon.colcon_core.shell:Creating package script '/home/aero-ws/nav2_bot/install/testbed_bringup/share/testbed_bringup/package.ps1'
[0.504s] INFO:colcon.colcon_core.shell:Creating package descriptor '/home/aero-ws/nav2_bot/install/testbed_bringup/share/testbed_bringup/package.dsv'
[0.504s] INFO:colcon.colcon_core.shell:Creating package script '/home/aero-ws/nav2_bot/install/testbed_bringup/share/testbed_bringup/package.sh'
[0.504s] INFO:colcon.colcon_core.shell:Creating package script '/home/aero-ws/nav2_bot/install/testbed_bringup/share/testbed_bringup/package.bash'
[0.504s] INFO:colcon.colcon_core.shell:Creating package script '/home/aero-ws/nav2_bot/install/testbed_bringup/share/testbed_bringup/package.zsh'
[0.505s] Level 1:colcon.colcon_core.environment:create_file_with_runtime_dependencies(/home/aero-ws/nav2_bot/install/testbed_bringup/share/colcon-core/packages/testbed_bringup)
[0.505s] DEBUG:colcon.colcon_core.event_handler.log_command:Invoked command in '/home/aero-ws/nav2_bot/build/testbed_description' returned '0': CMAKE_PREFIX_PATH=/opt/ros/humble /usr/bin/cmake --build /home/aero-ws/nav2_bot/build/testbed_description -- -j32 -l32
[0.506s] DEBUG:colcon.colcon_core.event_handler.log_command:Invoking command in '/home/aero-ws/nav2_bot/build/testbed_description': CMAKE_PREFIX_PATH=/opt/ros/humble /usr/bin/cmake --install /home/aero-ws/nav2_bot/build/testbed_description
[0.511s] Level 1:colcon.colcon_core.environment:create_environment_scripts_only(testbed_description)
[0.511s] DEBUG:colcon.colcon_core.event_handler.log_command:Invoked command in '/home/aero-ws/nav2_bot/build/testbed_description' returned '0': CMAKE_PREFIX_PATH=/opt/ros/humble /usr/bin/cmake --install /home/aero-ws/nav2_bot/build/testbed_description
[0.511s] Level 1:colcon.colcon_core.environment:checking '/home/aero-ws/nav2_bot/install/testbed_description' for CMake module files
[0.511s] Level 1:colcon.colcon_core.environment:checking '/home/aero-ws/nav2_bot/install/testbed_description' for CMake config files
[0.511s] Level 1:colcon.colcon_core.shell:create_environment_hook('testbed_description', 'cmake_prefix_path')
[0.512s] INFO:colcon.colcon_core.shell:Creating environment hook '/home/aero-ws/nav2_bot/install/testbed_description/share/testbed_description/hook/cmake_prefix_path.ps1'
[0.512s] INFO:colcon.colcon_core.shell:Creating environment descriptor '/home/aero-ws/nav2_bot/install/testbed_description/share/testbed_description/hook/cmake_prefix_path.dsv'
[0.512s] INFO:colcon.colcon_core.shell:Creating environment hook '/home/aero-ws/nav2_bot/install/testbed_description/share/testbed_description/hook/cmake_prefix_path.sh'
[0.512s] Level 1:colcon.colcon_core.environment:checking '/home/aero-ws/nav2_bot/install/testbed_description/bin'
[0.512s] Level 1:colcon.colcon_core.environment:checking '/home/aero-ws/nav2_bot/install/testbed_description/lib/pkgconfig/testbed_description.pc'
[0.512s] Level 1:colcon.colcon_core.environment:checking '/home/aero-ws/nav2_bot/install/testbed_description/lib/python3.10/site-packages'
[0.512s] Level 1:colcon.colcon_core.environment:checking '/home/aero-ws/nav2_bot/install/testbed_description/bin'
[0.512s] INFO:colcon.colcon_core.shell:Creating package script '/home/aero-ws/nav2_bot/install/testbed_description/share/testbed_description/package.ps1'
[0.512s] INFO:colcon.colcon_core.shell:Creating package descriptor '/home/aero-ws/nav2_bot/install/testbed_description/share/testbed_description/package.dsv'
[0.513s] INFO:colcon.colcon_core.shell:Creating package script '/home/aero-ws/nav2_bot/install/testbed_description/share/testbed_description/package.sh'
[0.513s] INFO:colcon.colcon_core.shell:Creating package script '/home/aero-ws/nav2_bot/install/testbed_description/share/testbed_description/package.bash'
[0.513s] INFO:colcon.colcon_core.shell:Creating package script '/home/aero-ws/nav2_bot/install/testbed_description/share/testbed_description/package.zsh'
[0.513s] Level 1:colcon.colcon_core.environment:create_file_with_runtime_dependencies(/home/aero-ws/nav2_bot/install/testbed_description/share/colcon-core/packages/testbed_description)
[0.513s] Level 1:colcon.colcon_core.environment:create_environment_scripts_only(testbed_description)
[0.513s] Level 1:colcon.colcon_core.environment:checking '/home/aero-ws/nav2_bot/install/testbed_description' for CMake module files
[0.513s] Level 1:colcon.colcon_core.environment:checking '/home/aero-ws/nav2_bot/install/testbed_description' for CMake config files
[0.513s] Level 1:colcon.colcon_core.shell:create_environment_hook('testbed_description', 'cmake_prefix_path')
[0.514s] INFO:colcon.colcon_core.shell:Creating environment hook '/home/aero-ws/nav2_bot/install/testbed_description/share/testbed_description/hook/cmake_prefix_path.ps1'
[0.514s] INFO:colcon.colcon_core.shell:Creating environment descriptor '/home/aero-ws/nav2_bot/install/testbed_description/share/testbed_description/hook/cmake_prefix_path.dsv'
[0.514s] INFO:colcon.colcon_core.shell:Creating environment hook '/home/aero-ws/nav2_bot/install/testbed_description/share/testbed_description/hook/cmake_prefix_path.sh'
[0.514s] Level 1:colcon.colcon_core.environment:checking '/home/aero-ws/nav2_bot/install/testbed_description/bin'
[0.514s] Level 1:colcon.colcon_core.environment:checking '/home/aero-ws/nav2_bot/install/testbed_description/lib/pkgconfig/testbed_description.pc'
[0.514s] Level 1:colcon.colcon_core.environment:checking '/home/aero-ws/nav2_bot/install/testbed_description/lib/python3.10/site-packages'
[0.514s] Level 1:colcon.colcon_core.environment:checking '/home/aero-ws/nav2_bot/install/testbed_description/bin'
[0.514s] INFO:colcon.colcon_core.shell:Creating package script '/home/aero-ws/nav2_bot/install/testbed_description/share/testbed_description/package.ps1'
[0.515s] INFO:colcon.colcon_core.shell:Creating package descriptor '/home/aero-ws/nav2_bot/install/testbed_description/share/testbed_description/package.dsv'
[0.515s] INFO:colcon.colcon_core.shell:Creating package script '/home/aero-ws/nav2_bot/install/testbed_description/share/testbed_description/package.sh'
[0.515s] INFO:colcon.colcon_core.shell:Creating package script '/home/aero-ws/nav2_bot/install/testbed_description/share/testbed_description/package.bash'
[0.515s] INFO:colcon.colcon_core.shell:Creating package script '/home/aero-ws/nav2_bot/install/testbed_description/share/testbed_description/package.zsh'
[0.515s] Level 1:colcon.colcon_core.environment:create_file_with_runtime_dependencies(/home/aero-ws/nav2_bot/install/testbed_description/share/colcon-core/packages/testbed_description)
[0.515s] INFO:colcon.colcon_ros.task.ament_cmake.build:Building ROS package in '/home/aero-ws/nav2_bot/testbed_gazebo' with build type 'ament_cmake'
[0.515s] INFO:colcon.colcon_cmake.task.cmake.build:Building CMake package in '/home/aero-ws/nav2_bot/testbed_gazebo'
[0.516s] INFO:colcon.colcon_core.shell:Skip shell extension 'powershell' for command environment: Not usable outside of PowerShell
[0.516s] DEBUG:colcon.colcon_core.shell:Skip shell extension 'dsv' for command environment
[0.519s] DEBUG:colcon.colcon_core.event_handler.log_command:Invoking command in '/home/aero-ws/nav2_bot/build/testbed_gazebo': AMENT_PREFIX_PATH=/home/aero-ws/nav2_bot/install/testbed_description:${AMENT_PREFIX_PATH} CMAKE_PREFIX_PATH=/home/aero-ws/nav2_bot/install/testbed_description:/opt/ros/humble /usr/bin/cmake /home/aero-ws/nav2_bot/testbed_gazebo -DCMAKE_INSTALL_PREFIX=/home/aero-ws/nav2_bot/install/testbed_gazebo
[0.781s] DEBUG:colcon.colcon_core.event_handler.log_command:Invoked command in '/home/aero-ws/nav2_bot/build/testbed_gazebo' returned '0': AMENT_PREFIX_PATH=/home/aero-ws/nav2_bot/install/testbed_description:${AMENT_PREFIX_PATH} CMAKE_PREFIX_PATH=/home/aero-ws/nav2_bot/install/testbed_description:/opt/ros/humble /usr/bin/cmake /home/aero-ws/nav2_bot/testbed_gazebo -DCMAKE_INSTALL_PREFIX=/home/aero-ws/nav2_bot/install/testbed_gazebo
[0.782s] DEBUG:colcon.colcon_core.event_handler.log_command:Invoking command in '/home/aero-ws/nav2_bot/build/testbed_gazebo': AMENT_PREFIX_PATH=/home/aero-ws/nav2_bot/install/testbed_description:${AMENT_PREFIX_PATH} CMAKE_PREFIX_PATH=/home/aero-ws/nav2_bot/install/testbed_description:/opt/ros/humble /usr/bin/cmake --build /home/aero-ws/nav2_bot/build/testbed_gazebo -- -j32 -l32
[0.797s] DEBUG:colcon.colcon_core.event_handler.log_command:Invoked command in '/home/aero-ws/nav2_bot/build/testbed_gazebo' returned '0': AMENT_PREFIX_PATH=/home/aero-ws/nav2_bot/install/testbed_description:${AMENT_PREFIX_PATH} CMAKE_PREFIX_PATH=/home/aero-ws/nav2_bot/install/testbed_description:/opt/ros/humble /usr/bin/cmake --build /home/aero-ws/nav2_bot/build/testbed_gazebo -- -j32 -l32
[0.798s] DEBUG:colcon.colcon_core.event_handler.log_command:Invoking command in '/home/aero-ws/nav2_bot/build/testbed_gazebo': AMENT_PREFIX_PATH=/home/aero-ws/nav2_bot/install/testbed_description:${AMENT_PREFIX_PATH} CMAKE_PREFIX_PATH=/home/aero-ws/nav2_bot/install/testbed_description:/opt/ros/humble /usr/bin/cmake --install /home/aero-ws/nav2_bot/build/testbed_gazebo
[0.803s] Level 1:colcon.colcon_core.environment:create_environment_scripts_only(testbed_gazebo)
[0.803s] DEBUG:colcon.colcon_core.event_handler.log_command:Invoked command in '/home/aero-ws/nav2_bot/build/testbed_gazebo' returned '0': AMENT_PREFIX_PATH=/home/aero-ws/nav2_bot/install/testbed_description:${AMENT_PREFIX_PATH} CMAKE_PREFIX_PATH=/home/aero-ws/nav2_bot/install/testbed_description:/opt/ros/humble /usr/bin/cmake --install /home/aero-ws/nav2_bot/build/testbed_gazebo
[0.803s] Level 1:colcon.colcon_core.environment:checking '/home/aero-ws/nav2_bot/install/testbed_gazebo' for CMake module files
[0.804s] Level 1:colcon.colcon_core.environment:checking '/home/aero-ws/nav2_bot/install/testbed_gazebo' for CMake config files
[0.804s] Level 1:colcon.colcon_core.shell:create_environment_hook('testbed_gazebo', 'cmake_prefix_path')
[0.804s] INFO:colcon.colcon_core.shell:Creating environment hook '/home/aero-ws/nav2_bot/install/testbed_gazebo/share/testbed_gazebo/hook/cmake_prefix_path.ps1'
[0.804s] INFO:colcon.colcon_core.shell:Creating environment descriptor '/home/aero-ws/nav2_bot/install/testbed_gazebo/share/testbed_gazebo/hook/cmake_prefix_path.dsv'
[0.804s] INFO:colcon.colcon_core.shell:Creating environment hook '/home/aero-ws/nav2_bot/install/testbed_gazebo/share/testbed_gazebo/hook/cmake_prefix_path.sh'
[0.804s] Level 1:colcon.colcon_core.environment:checking '/home/aero-ws/nav2_bot/install/testbed_gazebo/bin'
[0.804s] Level 1:colcon.colcon_core.environment:checking '/home/aero-ws/nav2_bot/install/testbed_gazebo/lib/pkgconfig/testbed_gazebo.pc'
[0.804s] Level 1:colcon.colcon_core.environment:checking '/home/aero-ws/nav2_bot/install/testbed_gazebo/lib/python3.10/site-packages'
[0.805s] Level 1:colcon.colcon_core.environment:checking '/home/aero-ws/nav2_bot/install/testbed_gazebo/bin'
[0.805s] INFO:colcon.colcon_core.shell:Creating package script '/home/aero-ws/nav2_bot/install/testbed_gazebo/share/testbed_gazebo/package.ps1'
[0.805s] INFO:colcon.colcon_core.shell:Creating package descriptor '/home/aero-ws/nav2_bot/install/testbed_gazebo/share/testbed_gazebo/package.dsv'
[0.805s] INFO:colcon.colcon_core.shell:Creating package script '/home/aero-ws/nav2_bot/install/testbed_gazebo/share/testbed_gazebo/package.sh'
[0.805s] INFO:colcon.colcon_core.shell:Creating package script '/home/aero-ws/nav2_bot/install/testbed_gazebo/share/testbed_gazebo/package.bash'
[0.805s] INFO:colcon.colcon_core.shell:Creating package script '/home/aero-ws/nav2_bot/install/testbed_gazebo/share/testbed_gazebo/package.zsh'
[0.805s] Level 1:colcon.colcon_core.environment:create_file_with_runtime_dependencies(/home/aero-ws/nav2_bot/install/testbed_gazebo/share/colcon-core/packages/testbed_gazebo)
[0.806s] Level 1:colcon.colcon_core.environment:create_environment_scripts_only(testbed_gazebo)
[0.806s] Level 1:colcon.colcon_core.environment:checking '/home/aero-ws/nav2_bot/install/testbed_gazebo' for CMake module files
[0.806s] Level 1:colcon.colcon_core.environment:checking '/home/aero-ws/nav2_bot/install/testbed_gazebo' for CMake config files
[0.806s] Level 1:colcon.colcon_core.shell:create_environment_hook('testbed_gazebo', 'cmake_prefix_path')
[0.806s] INFO:colcon.colcon_core.shell:Creating environment hook '/home/aero-ws/nav2_bot/install/testbed_gazebo/share/testbed_gazebo/hook/cmake_prefix_path.ps1'
[0.806s] INFO:colcon.colcon_core.shell:Creating environment descriptor '/home/aero-ws/nav2_bot/install/testbed_gazebo/share/testbed_gazebo/hook/cmake_prefix_path.dsv'
[0.806s] INFO:colcon.colcon_core.shell:Creating environment hook '/home/aero-ws/nav2_bot/install/testbed_gazebo/share/testbed_gazebo/hook/cmake_prefix_path.sh'
[0.806s] Level 1:colcon.colcon_core.environment:checking '/home/aero-ws/nav2_bot/install/testbed_gazebo/bin'
[0.806s] Level 1:colcon.colcon_core.environment:checking '/home/aero-ws/nav2_bot/install/testbed_gazebo/lib/pkgconfig/testbed_gazebo.pc'
[0.806s] Level 1:colcon.colcon_core.environment:checking '/home/aero-ws/nav2_bot/install/testbed_gazebo/lib/python3.10/site-packages'
[0.807s] Level 1:colcon.colcon_core.environment:checking '/home/aero-ws/nav2_bot/install/testbed_gazebo/bin'
[0.807s] INFO:colcon.colcon_core.shell:Creating package script '/home/aero-ws/nav2_bot/install/testbed_gazebo/share/testbed_gazebo/package.ps1'
[0.807s] INFO:colcon.colcon_core.shell:Creating package descriptor '/home/aero-ws/nav2_bot/install/testbed_gazebo/share/testbed_gazebo/package.dsv'
[0.807s] INFO:colcon.colcon_core.shell:Creating package script '/home/aero-ws/nav2_bot/install/testbed_gazebo/share/testbed_gazebo/package.sh'
[0.807s] INFO:colcon.colcon_core.shell:Creating package script '/home/aero-ws/nav2_bot/install/testbed_gazebo/share/testbed_gazebo/package.bash'
[0.807s] INFO:colcon.colcon_core.shell:Creating package script '/home/aero-ws/nav2_bot/install/testbed_gazebo/share/testbed_gazebo/package.zsh'
[0.807s] Level 1:colcon.colcon_core.environment:create_file_with_runtime_dependencies(/home/aero-ws/nav2_bot/install/testbed_gazebo/share/colcon-core/packages/testbed_gazebo)
[0.959s] DEBUG:colcon.colcon_core.event_handler.log_command:Invoked command in '/home/aero-ws/nav2_bot/build/testbed_navigation' returned '0': CMAKE_PREFIX_PATH=/opt/ros/humble /usr/bin/cmake /home/aero-ws/nav2_bot/testbed_navigation -DCMAKE_INSTALL_PREFIX=/home/aero-ws/nav2_bot/install/testbed_navigation
[0.959s] DEBUG:colcon.colcon_core.event_handler.log_command:Invoking command in '/home/aero-ws/nav2_bot/build/testbed_navigation': CMAKE_PREFIX_PATH=/opt/ros/humble /usr/bin/cmake --build /home/aero-ws/nav2_bot/build/testbed_navigation -- -j32 -l32
[0.977s] DEBUG:colcon.colcon_core.event_handler.log_command:Invoked command in '/home/aero-ws/nav2_bot/build/testbed_navigation' returned '0': CMAKE_PREFIX_PATH=/opt/ros/humble /usr/bin/cmake --build /home/aero-ws/nav2_bot/build/testbed_navigation -- -j32 -l32
[0.978s] DEBUG:colcon.colcon_core.event_handler.log_command:Invoking command in '/home/aero-ws/nav2_bot/build/testbed_navigation': CMAKE_PREFIX_PATH=/opt/ros/humble /usr/bin/cmake --install /home/aero-ws/nav2_bot/build/testbed_navigation
[0.982s] Level 1:colcon.colcon_core.environment:create_environment_scripts_only(testbed_navigation)
[0.982s] Level 1:colcon.colcon_core.environment:checking '/home/aero-ws/nav2_bot/install/testbed_navigation' for CMake module files
[0.982s] DEBUG:colcon.colcon_core.event_handler.log_command:Invoked command in '/home/aero-ws/nav2_bot/build/testbed_navigation' returned '0': CMAKE_PREFIX_PATH=/opt/ros/humble /usr/bin/cmake --install /home/aero-ws/nav2_bot/build/testbed_navigation
[0.982s] Level 1:colcon.colcon_core.environment:checking '/home/aero-ws/nav2_bot/install/testbed_navigation' for CMake config files
[0.982s] Level 1:colcon.colcon_core.shell:create_environment_hook('testbed_navigation', 'cmake_prefix_path')
[0.982s] INFO:colcon.colcon_core.shell:Creating environment hook '/home/aero-ws/nav2_bot/install/testbed_navigation/share/testbed_navigation/hook/cmake_prefix_path.ps1'
[0.983s] INFO:colcon.colcon_core.shell:Creating environment descriptor '/home/aero-ws/nav2_bot/install/testbed_navigation/share/testbed_navigation/hook/cmake_prefix_path.dsv'
[0.983s] INFO:colcon.colcon_core.shell:Creating environment hook '/home/aero-ws/nav2_bot/install/testbed_navigation/share/testbed_navigation/hook/cmake_prefix_path.sh'
[0.983s] Level 1:colcon.colcon_core.environment:checking '/home/aero-ws/nav2_bot/install/testbed_navigation/bin'
[0.983s] Level 1:colcon.colcon_core.environment:checking '/home/aero-ws/nav2_bot/install/testbed_navigation/lib/pkgconfig/testbed_navigation.pc'
[0.983s] Level 1:colcon.colcon_core.environment:checking '/home/aero-ws/nav2_bot/install/testbed_navigation/lib/python3.10/site-packages'
[0.983s] Level 1:colcon.colcon_core.environment:checking '/home/aero-ws/nav2_bot/install/testbed_navigation/bin'
[0.983s] INFO:colcon.colcon_core.shell:Creating package script '/home/aero-ws/nav2_bot/install/testbed_navigation/share/testbed_navigation/package.ps1'
[0.983s] INFO:colcon.colcon_core.shell:Creating package descriptor '/home/aero-ws/nav2_bot/install/testbed_navigation/share/testbed_navigation/package.dsv'
[0.983s] INFO:colcon.colcon_core.shell:Creating package script '/home/aero-ws/nav2_bot/install/testbed_navigation/share/testbed_navigation/package.sh'
[0.984s] INFO:colcon.colcon_core.shell:Creating package script '/home/aero-ws/nav2_bot/install/testbed_navigation/share/testbed_navigation/package.bash'
[0.984s] INFO:colcon.colcon_core.shell:Creating package script '/home/aero-ws/nav2_bot/install/testbed_navigation/share/testbed_navigation/package.zsh'
[0.984s] Level 1:colcon.colcon_core.environment:create_file_with_runtime_dependencies(/home/aero-ws/nav2_bot/install/testbed_navigation/share/colcon-core/packages/testbed_navigation)
[0.984s] Level 1:colcon.colcon_core.environment:create_environment_scripts_only(testbed_navigation)
[0.984s] Level 1:colcon.colcon_core.environment:checking '/home/aero-ws/nav2_bot/install/testbed_navigation' for CMake module files
[0.984s] Level 1:colcon.colcon_core.environment:checking '/home/aero-ws/nav2_bot/install/testbed_navigation' for CMake config files
[0.984s] Level 1:colcon.colcon_core.shell:create_environment_hook('testbed_navigation', 'cmake_prefix_path')
[0.984s] INFO:colcon.colcon_core.shell:Creating environment hook '/home/aero-ws/nav2_bot/install/testbed_navigation/share/testbed_navigation/hook/cmake_prefix_path.ps1'
[0.984s] INFO:colcon.colcon_core.shell:Creating environment descriptor '/home/aero-ws/nav2_bot/install/testbed_navigation/share/testbed_navigation/hook/cmake_prefix_path.dsv'
[0.985s] INFO:colcon.colcon_core.shell:Creating environment hook '/home/aero-ws/nav2_bot/install/testbed_navigation/share/testbed_navigation/hook/cmake_prefix_path.sh'
[0.985s] Level 1:colcon.colcon_core.environment:checking '/home/aero-ws/nav2_bot/install/testbed_navigation/bin'
[0.985s] Level 1:colcon.colcon_core.environment:checking '/home/aero-ws/nav2_bot/install/testbed_navigation/lib/pkgconfig/testbed_navigation.pc'
[0.985s] Level 1:colcon.colcon_core.environment:checking '/home/aero-ws/nav2_bot/install/testbed_navigation/lib/python3.10/site-packages'
[0.985s] Level 1:colcon.colcon_core.environment:checking '/home/aero-ws/nav2_bot/install/testbed_navigation/bin'
[0.985s] INFO:colcon.colcon_core.shell:Creating package script '/home/aero-ws/nav2_bot/install/testbed_navigation/share/testbed_navigation/package.ps1'
[0.985s] INFO:colcon.colcon_core.shell:Creating package descriptor '/home/aero-ws/nav2_bot/install/testbed_navigation/share/testbed_navigation/package.dsv'
[0.985s] INFO:colcon.colcon_core.shell:Creating package script '/home/aero-ws/nav2_bot/install/testbed_navigation/share/testbed_navigation/package.sh'
[0.985s] INFO:colcon.colcon_core.shell:Creating package script '/home/aero-ws/nav2_bot/install/testbed_navigation/share/testbed_navigation/package.bash'
[0.985s] INFO:colcon.colcon_core.shell:Creating package script '/home/aero-ws/nav2_bot/install/testbed_navigation/share/testbed_navigation/package.zsh'
[0.986s] Level 1:colcon.colcon_core.environment:create_file_with_runtime_dependencies(/home/aero-ws/nav2_bot/install/testbed_navigation/share/colcon-core/packages/testbed_navigation)
[0.986s] DEBUG:colcon.colcon_parallel_executor.executor.parallel:closing loop
[0.986s] DEBUG:colcon.colcon_parallel_executor.executor.parallel:loop closed
[0.986s] DEBUG:colcon.colcon_parallel_executor.executor.parallel:run_until_complete finished with '0'
[0.986s] DEBUG:colcon.colcon_core.event_reactor:joining thread
[0.989s] INFO:colcon.colcon_core.plugin_system:Skipping extension 'colcon_notification.desktop_notification.terminal_notifier': Not used on non-Darwin systems
[0.989s] INFO:colcon.colcon_core.plugin_system:Skipping extension 'colcon_notification.desktop_notification.win32': Not used on non-Windows systems
[0.989s] INFO:colcon.colcon_notification.desktop_notification:Sending desktop notification using 'notify2'
[0.996s] DEBUG:colcon.colcon_core.event_reactor:joined thread
[0.996s] INFO:colcon.colcon_core.shell:Creating prefix script '/home/aero-ws/nav2_bot/install/local_setup.ps1'
[0.997s] INFO:colcon.colcon_core.shell:Creating prefix util module '/home/aero-ws/nav2_bot/install/_local_setup_util_ps1.py'
[0.997s] INFO:colcon.colcon_core.shell:Creating prefix chain script '/home/aero-ws/nav2_bot/install/setup.ps1'
[0.998s] INFO:colcon.colcon_core.shell:Creating prefix script '/home/aero-ws/nav2_bot/install/local_setup.sh'
[0.998s] INFO:colcon.colcon_core.shell:Creating prefix util module '/home/aero-ws/nav2_bot/install/_local_setup_util_sh.py'
[0.998s] INFO:colcon.colcon_core.shell:Creating prefix chain script '/home/aero-ws/nav2_bot/install/setup.sh'
[0.999s] INFO:colcon.colcon_core.shell:Creating prefix script '/home/aero-ws/nav2_bot/install/local_setup.bash'
[0.999s] INFO:colcon.colcon_core.shell:Creating prefix chain script '/home/aero-ws/nav2_bot/install/setup.bash'
[0.999s] INFO:colcon.colcon_core.shell:Creating prefix script '/home/aero-ws/nav2_bot/install/local_setup.zsh'
[1.000s] INFO:colcon.colcon_core.shell:Creating prefix chain script '/home/aero-ws/nav2_bot/install/setup.zsh'
